2025-02-16 16:36:53 [main] INFO  c.e.beteyared.BeteYaredApplication - Starting BeteYaredApplication using Java 19.0.2 with PID 23754 (/Users/davend/Desktop/Coding/ChurchApp/backend/target/classes started by davend in /Users/davend/Desktop/Coding/ChurchApp/backend)
2025-02-16 16:36:53 [main] DEBUG c.e.beteyared.BeteYaredApplication - Running with Spring Boot v3.4.2, Spring v6.2.2
2025-02-16 16:36:53 [main] INFO  c.e.beteyared.BeteYaredApplication - No active profile set, falling back to 1 default profile: "default"
2025-02-16 16:36:54 [main] INFO  o.s.d.r.c.RepositoryConfigurationDelegate - Bootstrapping Spring Data JPA repositories in DEFAULT mode.
2025-02-16 16:36:54 [main] INFO  o.s.d.r.c.RepositoryConfigurationDelegate - Finished Spring Data repository scanning in 59 ms. Found 5 JPA repository interfaces.
2025-02-16 16:36:56 [main] INFO  o.s.b.w.e.tomcat.TomcatWebServer - Tomcat initialized with port 3000 (http)
2025-02-16 16:36:56 [main] INFO  o.a.catalina.core.StandardService - Starting service [Tomcat]
2025-02-16 16:36:56 [main] INFO  o.a.catalina.core.StandardEngine - Starting Servlet engine: [Apache Tomcat/10.1.34]
2025-02-16 16:36:56 [main] INFO  o.a.c.c.C.[Tomcat].[localhost].[/] - Initializing Spring embedded WebApplicationContext
2025-02-16 16:36:56 [main] INFO  o.s.b.w.s.c.ServletWebServerApplicationContext - Root WebApplicationContext: initialization completed in 2241 ms
2025-02-16 16:36:56 [main] INFO  o.h.jpa.internal.util.LogHelper - HHH000204: Processing PersistenceUnitInfo [name: default]
2025-02-16 16:36:56 [main] INFO  org.hibernate.Version - HHH000412: Hibernate ORM core version 6.6.5.Final
2025-02-16 16:36:56 [main] INFO  o.h.c.i.RegionFactoryInitiator - HHH000026: Second-level cache disabled
2025-02-16 16:36:57 [main] INFO  o.s.o.j.p.SpringPersistenceUnitInfo - No LoadTimeWeaver setup: ignoring JPA class transformer
2025-02-16 16:36:57 [main] INFO  com.zaxxer.hikari.HikariDataSource - HikariPool-1 - Starting...
2025-02-16 16:36:57 [main] INFO  com.zaxxer.hikari.pool.HikariPool - HikariPool-1 - Added connection conn0: url=jdbc:h2:file:./data/beteyared user=SA
2025-02-16 16:36:57 [main] INFO  com.zaxxer.hikari.HikariDataSource - HikariPool-1 - Start completed.
2025-02-16 16:36:57 [main] WARN  org.hibernate.orm.deprecation - HHH90000025: H2Dialect does not need to be specified explicitly using 'hibernate.dialect' (remove the property setting and it will be selected by default)
2025-02-16 16:36:57 [main] INFO  o.hibernate.orm.connections.pooling - HHH10001005: Database info:
	Database JDBC URL [Connecting through datasource 'HikariDataSource (HikariPool-1)']
	Database driver: undefined/unknown
	Database version: 2.3.232
	Autocommit mode: undefined/unknown
	Isolation level: undefined/unknown
	Minimum pool size: undefined/unknown
	Maximum pool size: undefined/unknown
2025-02-16 16:36:58 [main] INFO  o.h.e.t.j.p.i.JtaPlatformInitiator - HHH000489: No JTA platform available (set 'hibernate.transaction.jta.platform' to enable JTA platform integration)
2025-02-16 16:36:58 [main] DEBUG org.hibernate.SQL - 
    drop table if exists admins cascade 
2025-02-16 16:36:58 [main] DEBUG org.hibernate.SQL - 
    drop table if exists attendance cascade 
2025-02-16 16:36:59 [main] DEBUG org.hibernate.SQL - 
    drop table if exists cohort_meetings cascade 
2025-02-16 16:36:59 [main] DEBUG org.hibernate.SQL - 
    drop table if exists meetings cascade 
2025-02-16 16:36:59 [main] DEBUG org.hibernate.SQL - 
    drop table if exists users cascade 
2025-02-16 16:36:59 [main] DEBUG org.hibernate.SQL - 
    create table admins (
        created_at timestamp(6),
        id bigint generated by default as identity,
        updated_at timestamp(6),
        email varchar(255) not null unique,
        first_name varchar(255) not null,
        last_name varchar(255) not null,
        password varchar(255) not null,
        primary key (id)
    )
2025-02-16 16:36:59 [main] DEBUG org.hibernate.SQL - 
    create table attendance (
        created_at timestamp(6),
        id bigint generated by default as identity,
        meeting_date timestamp(6) not null,
        user_id bigint not null,
        cohort varchar(255) not null,
        primary key (id)
    )
2025-02-16 16:36:59 [main] DEBUG org.hibernate.SQL - 
    create table cohort_meetings (
        active boolean not null,
        meeting_day integer not null,
        id bigint generated by default as identity,
        cohort varchar(255) not null,
        meeting_id varchar(255) not null,
        primary key (id)
    )
2025-02-16 16:36:59 [main] DEBUG org.hibernate.SQL - 
    create table meetings (
        duration integer not null,
        is_recurring boolean not null,
        created_at timestamp(6) not null,
        id bigint generated by default as identity,
        next_occurrence timestamp(6),
        start_time timestamp(6) not null,
        recurring_meeting_id varchar(255),
        topic varchar(255) not null,
        zoom_meeting_id varchar(255) not null,
        primary key (id)
    )
2025-02-16 16:36:59 [main] DEBUG org.hibernate.SQL - 
    create table users (
        is_active boolean not null,
        created_at timestamp(6),
        id bigint generated by default as identity,
        updated_at timestamp(6),
        baptism_name varchar(255) not null,
        church_name varchar(255) not null,
        city varchar(255) not null,
        cohort varchar(255),
        country varchar(255) not null,
        email varchar(255) not null unique,
        first_name varchar(255) not null,
        last_name varchar(255) not null,
        phone_number varchar(255) not null,
        state varchar(255) not null,
        role enum ('ADMIN','USER') not null,
        primary key (id)
    )
2025-02-16 16:36:59 [main] DEBUG org.hibernate.SQL - 
    alter table if exists attendance 
       add constraint FKjcaqd29v2qy723owsdah2t8vx 
       foreign key (user_id) 
       references users
2025-02-16 16:36:59 [main] INFO  o.s.o.j.LocalContainerEntityManagerFactoryBean - Initialized JPA EntityManagerFactory for persistence unit 'default'
2025-02-16 16:36:59 [main] INFO  o.s.d.j.r.query.QueryEnhancerFactory - Hibernate is in classpath; If applicable, HQL parser will be used.
2025-02-16 16:37:00 [main] WARN  o.s.b.a.o.j.JpaBaseConfiguration$JpaWebConfiguration - spring.jpa.open-in-view is enabled by default. Therefore, database queries may be performed during view rendering. Explicitly configure spring.jpa.open-in-view to disable this warning
2025-02-16 16:37:00 [main] WARN  o.s.b.a.s.s.UserDetailsServiceAutoConfiguration - 

Using generated security password: cb9c5a8c-1504-41a3-b2d0-f68f42877587

This generated password is for development use only. Your security configuration must be updated before running your application in production.

2025-02-16 16:37:00 [main] INFO  o.s.s.c.a.a.c.InitializeUserDetailsBeanManagerConfigurer$InitializeUserDetailsManagerConfigurer - Global AuthenticationManager configured with UserDetailsService bean with name inMemoryUserDetailsManager
2025-02-16 16:37:01 [main] INFO  o.s.b.a.e.web.EndpointLinksResolver - Exposing 1 endpoint beneath base path '/actuator'
2025-02-16 16:37:01 [main] INFO  o.s.b.w.e.tomcat.TomcatWebServer - Tomcat started on port 3000 (http) with context path '/'
2025-02-16 16:37:01 [main] INFO  c.e.beteyared.BeteYaredApplication - Started BeteYaredApplication in 8.406 seconds (process running for 9.391)
2025-02-16 16:37:02 [RMI TCP Connection(2)-127.0.0.1] INFO  o.a.c.c.C.[Tomcat].[localhost].[/] - Initializing Spring DispatcherServlet 'dispatcherServlet'
2025-02-16 16:37:02 [RMI TCP Connection(2)-127.0.0.1] INFO  o.s.web.servlet.DispatcherServlet - Initializing Servlet 'dispatcherServlet'
2025-02-16 16:37:02 [RMI TCP Connection(2)-127.0.0.1] INFO  o.s.web.servlet.DispatcherServlet - Completed initialization in 3 ms
2025-02-16 16:45:17 [SpringApplicationShutdownHook] INFO  o.s.b.w.e.tomcat.GracefulShutdown - Commencing graceful shutdown. Waiting for active requests to complete
2025-02-16 16:45:17 [tomcat-shutdown] INFO  o.s.b.w.e.tomcat.GracefulShutdown - Graceful shutdown complete
2025-02-16 16:45:17 [SpringApplicationShutdownHook] INFO  o.s.o.j.LocalContainerEntityManagerFactoryBean - Closing JPA EntityManagerFactory for persistence unit 'default'
2025-02-16 16:45:17 [SpringApplicationShutdownHook] INFO  com.zaxxer.hikari.HikariDataSource - HikariPool-1 - Shutdown initiated...
2025-02-16 16:45:17 [SpringApplicationShutdownHook] INFO  com.zaxxer.hikari.HikariDataSource - HikariPool-1 - Shutdown completed.
2025-02-16 16:45:22 [main] INFO  c.e.beteyared.BeteYaredApplication - Starting BeteYaredApplication using Java 19.0.2 with PID 24940 (/Users/davend/Desktop/Coding/ChurchApp/backend/target/classes started by davend in /Users/davend/Desktop/Coding/ChurchApp/backend)
2025-02-16 16:45:22 [main] DEBUG c.e.beteyared.BeteYaredApplication - Running with Spring Boot v3.4.2, Spring v6.2.2
2025-02-16 16:45:22 [main] INFO  c.e.beteyared.BeteYaredApplication - No active profile set, falling back to 1 default profile: "default"
2025-02-16 16:45:22 [main] INFO  o.s.d.r.c.RepositoryConfigurationDelegate - Bootstrapping Spring Data JPA repositories in DEFAULT mode.
2025-02-16 16:45:23 [main] INFO  o.s.d.r.c.RepositoryConfigurationDelegate - Finished Spring Data repository scanning in 75 ms. Found 5 JPA repository interfaces.
2025-02-16 16:45:24 [main] INFO  o.s.b.w.e.tomcat.TomcatWebServer - Tomcat initialized with port 3000 (http)
2025-02-16 16:45:24 [main] INFO  o.a.catalina.core.StandardService - Starting service [Tomcat]
2025-02-16 16:45:24 [main] INFO  o.a.catalina.core.StandardEngine - Starting Servlet engine: [Apache Tomcat/10.1.34]
2025-02-16 16:45:24 [main] INFO  o.a.c.c.C.[Tomcat].[localhost].[/] - Initializing Spring embedded WebApplicationContext
2025-02-16 16:45:24 [main] INFO  o.s.b.w.s.c.ServletWebServerApplicationContext - Root WebApplicationContext: initialization completed in 2067 ms
2025-02-16 16:45:24 [main] INFO  o.h.jpa.internal.util.LogHelper - HHH000204: Processing PersistenceUnitInfo [name: default]
2025-02-16 16:45:24 [main] INFO  org.hibernate.Version - HHH000412: Hibernate ORM core version 6.6.5.Final
2025-02-16 16:45:24 [main] INFO  o.h.c.i.RegionFactoryInitiator - HHH000026: Second-level cache disabled
2025-02-16 16:45:25 [main] INFO  o.s.o.j.p.SpringPersistenceUnitInfo - No LoadTimeWeaver setup: ignoring JPA class transformer
2025-02-16 16:45:25 [main] INFO  com.zaxxer.hikari.HikariDataSource - HikariPool-1 - Starting...
2025-02-16 16:45:25 [main] INFO  com.zaxxer.hikari.pool.HikariPool - HikariPool-1 - Added connection conn0: url=jdbc:h2:file:./data/beteyared user=SA
2025-02-16 16:45:25 [main] INFO  com.zaxxer.hikari.HikariDataSource - HikariPool-1 - Start completed.
2025-02-16 16:45:25 [main] WARN  org.hibernate.orm.deprecation - HHH90000025: H2Dialect does not need to be specified explicitly using 'hibernate.dialect' (remove the property setting and it will be selected by default)
2025-02-16 16:45:25 [main] INFO  o.hibernate.orm.connections.pooling - HHH10001005: Database info:
	Database JDBC URL [Connecting through datasource 'HikariDataSource (HikariPool-1)']
	Database driver: undefined/unknown
	Database version: 2.3.232
	Autocommit mode: undefined/unknown
	Isolation level: undefined/unknown
	Minimum pool size: undefined/unknown
	Maximum pool size: undefined/unknown
2025-02-16 16:45:26 [main] INFO  o.h.e.t.j.p.i.JtaPlatformInitiator - HHH000489: No JTA platform available (set 'hibernate.transaction.jta.platform' to enable JTA platform integration)
2025-02-16 16:45:26 [main] DEBUG org.hibernate.SQL - 
    drop table if exists admins cascade 
2025-02-16 16:45:26 [main] DEBUG org.hibernate.SQL - 
    drop table if exists attendance cascade 
2025-02-16 16:45:26 [main] DEBUG org.hibernate.SQL - 
    drop table if exists cohort_meetings cascade 
2025-02-16 16:45:26 [main] DEBUG org.hibernate.SQL - 
    drop table if exists meetings cascade 
2025-02-16 16:45:26 [main] DEBUG org.hibernate.SQL - 
    drop table if exists users cascade 
2025-02-16 16:45:26 [main] DEBUG org.hibernate.SQL - 
    create table admins (
        created_at timestamp(6),
        id bigint generated by default as identity,
        updated_at timestamp(6),
        email varchar(255) not null unique,
        first_name varchar(255) not null,
        last_name varchar(255) not null,
        password varchar(255) not null,
        primary key (id)
    )
2025-02-16 16:45:27 [main] DEBUG org.hibernate.SQL - 
    create table attendance (
        created_at timestamp(6),
        id bigint generated by default as identity,
        meeting_date timestamp(6) not null,
        user_id bigint not null,
        cohort varchar(255) not null,
        primary key (id)
    )
2025-02-16 16:45:27 [main] DEBUG org.hibernate.SQL - 
    create table cohort_meetings (
        active boolean not null,
        meeting_day integer not null,
        id bigint generated by default as identity,
        cohort varchar(255) not null,
        meeting_id varchar(255) not null,
        primary key (id)
    )
2025-02-16 16:45:27 [main] DEBUG org.hibernate.SQL - 
    create table meetings (
        duration integer not null,
        is_recurring boolean not null,
        created_at timestamp(6) not null,
        id bigint generated by default as identity,
        next_occurrence timestamp(6),
        start_time timestamp(6) not null,
        recurring_meeting_id varchar(255),
        topic varchar(255) not null,
        zoom_meeting_id varchar(255) not null,
        primary key (id)
    )
2025-02-16 16:45:27 [main] DEBUG org.hibernate.SQL - 
    create table users (
        is_active boolean not null,
        created_at timestamp(6),
        id bigint generated by default as identity,
        updated_at timestamp(6),
        baptism_name varchar(255) not null,
        church_name varchar(255) not null,
        city varchar(255) not null,
        cohort varchar(255),
        country varchar(255) not null,
        email varchar(255) not null unique,
        first_name varchar(255) not null,
        last_name varchar(255) not null,
        phone_number varchar(255) not null,
        state varchar(255) not null,
        role enum ('ADMIN','USER') not null,
        primary key (id)
    )
2025-02-16 16:45:27 [main] DEBUG org.hibernate.SQL - 
    alter table if exists attendance 
       add constraint FKjcaqd29v2qy723owsdah2t8vx 
       foreign key (user_id) 
       references users
2025-02-16 16:45:27 [main] INFO  o.s.o.j.LocalContainerEntityManagerFactoryBean - Initialized JPA EntityManagerFactory for persistence unit 'default'
2025-02-16 16:45:27 [main] INFO  o.s.d.j.r.query.QueryEnhancerFactory - Hibernate is in classpath; If applicable, HQL parser will be used.
2025-02-16 16:45:28 [main] WARN  o.s.b.a.o.j.JpaBaseConfiguration$JpaWebConfiguration - spring.jpa.open-in-view is enabled by default. Therefore, database queries may be performed during view rendering. Explicitly configure spring.jpa.open-in-view to disable this warning
2025-02-16 16:45:28 [main] WARN  o.s.b.a.s.s.UserDetailsServiceAutoConfiguration - 

Using generated security password: 1e6fc720-3206-421b-8730-082cade23ec6

This generated password is for development use only. Your security configuration must be updated before running your application in production.

2025-02-16 16:45:28 [main] INFO  o.s.s.c.a.a.c.InitializeUserDetailsBeanManagerConfigurer$InitializeUserDetailsManagerConfigurer - Global AuthenticationManager configured with UserDetailsService bean with name inMemoryUserDetailsManager
2025-02-16 16:45:29 [main] INFO  o.s.b.a.e.web.EndpointLinksResolver - Exposing 1 endpoint beneath base path '/actuator'
2025-02-16 16:45:30 [main] INFO  o.s.b.w.e.tomcat.TomcatWebServer - Tomcat started on port 3000 (http) with context path '/'
2025-02-16 16:45:30 [main] INFO  c.e.beteyared.BeteYaredApplication - Started BeteYaredApplication in 8.884 seconds (process running for 9.951)
2025-02-16 16:45:30 [RMI TCP Connection(4)-192.168.1.85] INFO  o.a.c.c.C.[Tomcat].[localhost].[/] - Initializing Spring DispatcherServlet 'dispatcherServlet'
2025-02-16 16:45:30 [RMI TCP Connection(4)-192.168.1.85] INFO  o.s.web.servlet.DispatcherServlet - Initializing Servlet 'dispatcherServlet'
2025-02-16 16:45:30 [RMI TCP Connection(4)-192.168.1.85] INFO  o.s.web.servlet.DispatcherServlet - Completed initialization in 4 ms
